<?xml version="1.0" encoding="UTF-8"?>
<!-- Generated by org.testng.reporters.JUnitReportReporter -->
<testsuite skipped="0" hostname="DESKTOP-SSRN99G" name="org.sampletestng.PrioritySample" tests="5" failures="0" timestamp="28 Aug 2023 16:53:57 GMT" time="0.020" errors="0">
  <testcase name="tc55" time="0.002" classname="org.sampletestng.PrioritySample"/>
  <testcase name="tc33" time="0.005" classname="org.sampletestng.PrioritySample"/>
  <testcase name="tc22" time="0.003" classname="org.sampletestng.PrioritySample"/>
  <testcase name="tc11" time="0.006" classname="org.sampletestng.PrioritySample"/>
  <testcase name="tc44" time="0.004" classname="org.sampletestng.PrioritySample"/>
</testsuite> <!-- org.sampletestng.PrioritySample -->
