<?xml version="1.0" encoding="UTF-8"?>
<!-- Generated by org.testng.reporters.JUnitReportReporter -->
<testsuite skipped="1" hostname="DESKTOP-SSRN99G" name="org.sampletestng.IgnoreSample" tests="5" failures="0" timestamp="28 Aug 2023 16:53:57 GMT" time="0.008" errors="0">
  <testcase name="tc222" time="0.002" classname="org.sampletestng.IgnoreSample"/>
  <testcase name="tc444" time="0.002" classname="org.sampletestng.IgnoreSample"/>
  <testcase name="tc333" time="0.002" classname="org.sampletestng.IgnoreSample"/>
  <testcase name="tc111" time="0.002" classname="org.sampletestng.IgnoreSample"/>
  <testcase name="tc555" classname="org.sampletestng.IgnoreSample">
    <skipped/>
  </testcase> <!-- tc555 -->
</testsuite> <!-- org.sampletestng.IgnoreSample -->
