<?xml version="1.0" encoding="UTF-8"?>
<!-- Generated by org.testng.reporters.JUnitReportReporter -->
<testsuite skipped="0" hostname="DESKTOP-SSRN99G" name="org.sampletestng.A" tests="5" failures="0" timestamp="28 Aug 2023 16:53:57 GMT" time="0.043" errors="0">
  <testcase name="tc4" time="0.005" classname="org.sampletestng.A"/>
  <testcase name="tc5" time="0.005" classname="org.sampletestng.A"/>
  <testcase name="tc3" time="0.004" classname="org.sampletestng.A"/>
  <testcase name="tc1" time="0.022" classname="org.sampletestng.A"/>
  <testcase name="tc2" time="0.007" classname="org.sampletestng.A"/>
</testsuite> <!-- org.sampletestng.A -->
