<?xml version="1.0" encoding="UTF-8"?>
<!-- Generated by org.testng.reporters.JUnitReportReporter -->
<testsuite skipped="0" hostname="DESKTOP-SSRN99G" name="org.task.AdactBooking" tests="1" failures="0" timestamp="04 Sep 2023 19:08:13 GMT" time="0.002" errors="0">
  <testcase name="fillDetails" time="0.002" classname="org.task.AdactBooking"/>
</testsuite> <!-- org.task.AdactBooking -->
